0 info it worked if it ends with ok
1 verbose cli [ 'node', '/usr/local/bin/npm', 'run-script', 'local' ]
2 info using npm@2.8.3
3 info using node@v0.12.2
4 verbose run-script [ 'prelocal', 'local', 'postlocal' ]
5 info prelocal Qwillo@0.0.1
6 info local Qwillo@0.0.1
7 verbose unsafe-perm in lifecycle true
8 info Qwillo@0.0.1 Failed to exec local script
9 verbose stack Error: Qwillo@0.0.1 local: `node system/app.js local 3000`
9 verbose stack Exit status 1
9 verbose stack     at EventEmitter.<anonymous> (/usr/local/lib/node_modules/npm/lib/utils/lifecycle.js:213:16)
9 verbose stack     at EventEmitter.emit (events.js:110:17)
9 verbose stack     at ChildProcess.<anonymous> (/usr/local/lib/node_modules/npm/lib/utils/spawn.js:24:14)
9 verbose stack     at ChildProcess.emit (events.js:110:17)
9 verbose stack     at maybeClose (child_process.js:1015:16)
9 verbose stack     at Process.ChildProcess._handle.onexit (child_process.js:1087:5)
10 verbose pkgid Qwillo@0.0.1
11 verbose cwd /Users/danrwhitcomb/Documents/NodeJsWorkspace/App
12 error Darwin 14.3.0
13 error argv "node" "/usr/local/bin/npm" "run-script" "local"
14 error node v0.12.2
15 error npm  v2.8.3
16 error code ELIFECYCLE
17 error Qwillo@0.0.1 local: `node system/app.js local 3000`
17 error Exit status 1
18 error Failed at the Qwillo@0.0.1 local script 'node system/app.js local 3000'.
18 error This is most likely a problem with the Qwillo package,
18 error not with npm itself.
18 error Tell the author that this fails on your system:
18 error     node system/app.js local 3000
18 error You can get their info via:
18 error     npm owner ls Qwillo
18 error There is likely additional logging output above.
19 verbose exit [ 1, true ]
